51906531829:ENCOLADO ans_f71df76e-948c-4442-a596-94d8186cb9ee
EJECUTANDO:ans_f71df76e-948c-4442-a596-94d8186cb9ee
51906531829:SUCCESS
51906531829:ENCOLADO ans_3fc5d522-b734-4061-bcfb-cd7457fbbd20
EJECUTANDO:ans_3fc5d522-b734-4061-bcfb-cd7457fbbd20
51906531829:SUCCESS
51906531829:ENCOLADO ans_6fae6e86-ba44-4ece-a431-63b57f5a1ce5
EJECUTANDO:ans_6fae6e86-ba44-4ece-a431-63b57f5a1ce5
51906531829:SUCCESS
51906531829:ENCOLADO ans_bc8f9d89-ea33-4023-a744-415ce67d18e4
EJECUTANDO:ans_bc8f9d89-ea33-4023-a744-415ce67d18e4
51906531829:SUCCESS
51906531829:ENCOLADO ans_d3c6d418-16e5-4123-a3bc-86b954c6cc08
EJECUTANDO:ans_d3c6d418-16e5-4123-a3bc-86b954c6cc08
51906531829:SUCCESS
51906531829:ENCOLADO ans_6a264251-0118-49b8-95d2-7f419fc96fa1
EJECUTANDO:ans_6a264251-0118-49b8-95d2-7f419fc96fa1
51906531829:SUCCESS
51906531829:ENCOLADO ans_8ffe3c44-5931-4da8-89b5-baeeacb38bde
EJECUTANDO:ans_8ffe3c44-5931-4da8-89b5-baeeacb38bde
51906531829:SUCCESS
51906531829:ENCOLADO ans_8ddb8b15-6f33-4b18-8222-dee80e464a51
EJECUTANDO:ans_8ddb8b15-6f33-4b18-8222-dee80e464a51
51906531829:SUCCESS
